# get google.co.in
# get google.co.in
1613655618652	mozrunner::runner	INFO	Running command: "/usr/bin/firefox" "-marionette" "-foreground" "-no-remote" "-profile" "/tmp/rust_mozprofile.xZNCAnoFNtfs"
Sandbox: unsupported fd-relative fstatat(27, "", 0x7FFDDAFFBA80, 4096)
Sandbox: seccomp sandbox violation: pid 31098, tid 31098, syscall 262, args 27 140180935977834 140728277645952 4096 4096 1.
Sandbox: unsupported fd-relative fstatat(27, "", 0x7FFDDAFFB970, 4096)
Sandbox: seccomp sandbox violation: pid 31098, tid 31098, syscall 262, args 27 140180935977834 140728277645680 4096 4096 1.
Sandbox: unsupported flags 2048 in fstatat(-100, "/home/akane86/.config/gtk-3.0/colors.css", 0x7F7E4E187880, 2304)
Sandbox: seccomp sandbox violation: pid 31098, tid 31145, syscall 262, args 4294967196 140180458600960 140180452833408 2304 2304 1.
Sandbox: unsupported fd-relative fstatat(23, "", 0x7FFE713A32C0, 4096)
Sandbox: seccomp sandbox violation: pid 31119, tid 31119, syscall 262, args 23 140685713214314 140730798060224 4096 4096 1.
Sandbox: unsupported fd-relative fstatat(23, "", 0x7FFE713A31B0, 4096)
Sandbox: seccomp sandbox violation: pid 31119, tid 31119, syscall 262, args 23 140685713214314 140730798059952 4096 4096 1.
Sandbox: unsupported flags 2048 in fstatat(-100, "/home/akane86/.config/gtk-3.0/colors.css", 0x7FF3D5287880, 2304)
Sandbox: seccomp sandbox violation: pid 31119, tid 31170, syscall 262, args 4294967196 140685303280064 140685229979776 2304 2304 1.
console.error: SearchCache: "_readCacheFile: Error reading cache file:" (new Error("", "(unknown module)"))
Sandbox: unsupported fd-relative fstatat(20, "", 0x7FFE9E7BBAC0, 4096)
Sandbox: seccomp sandbox violation: pid 31207, tid 31207, syscall 262, args 20 140476299623274 140731557329600 4096 4096 1.
Sandbox: unsupported fd-relative fstatat(20, "", 0x7FFE9E7BB9B0, 4096)
Sandbox: seccomp sandbox violation: pid 31207, tid 31207, syscall 262, args 20 140476299623274 140731557329328 4096 4096 1.
Sandbox: unsupported flags 2048 in fstatat(-100, "/home/akane86/.config/gtk-3.0/colors.css", 0x7FC31323C880, 2304)
Sandbox: seccomp sandbox violation: pid 31207, tid 31236, syscall 262, args 4294967196 140475890285200 140475816462464 2304 2304 1.
1613655622417	Marionette	INFO	Listening on port 40875
1613655622485	Marionette	WARN	TLS certificate errors will be ignored for this session
Sandbox: unsupported flags 2048 in fstatat(-100, "/home/akane86/.config/gtk-3.0/colors.css", 0x7FF3D5287880, 2304)
Sandbox: unsupported flags 2048 in fstatat(-100, "/home/akane86/.config/gtk-3.0/colors.css", 0x7F7E4E187880, 2304)
Sandbox: seccomp sandbox violation: pid 31119, tid 31170, syscall 262, args 4294967196 140685303280064 140685229979776 2304 2304 1.
Sandbox: seccomp sandbox violation: pid 31098, tid 31145, syscall 262, args 4294967196 140180458600960 140180452833408 2304 2304 1.
JavaScript error: https://start.fedoraproject.org/, line 292: TypeError: $(...).uls is not a function
Sandbox: unsupported flags 2048 in fstatat(-100, "/home/akane86/.config/gtk-3.0/colors.css", 0x7FC31323C880, 2304)
Sandbox: seccomp sandbox violation: pid 31207, tid 31236, syscall 262, args 4294967196 140475890285200 140475816462464 2304 2304 1.
Sandbox: unsupported flags 2048 in fstatat(-100, "/home/akane86/.config/gtk-3.0/colors.css", 0x7F7E4E187880, 2304)
Sandbox: seccomp sandbox violation: pid 31098, tid 31145, syscall 262, args 4294967196 140180458600960 140180452833408 2304 2304 1.
Sandbox: unsupported flags 2048 in fstatat(-100, "/home/akane86/.config/gtk-3.0/colors.css", 0x7FF3D5287880, 2304)
Sandbox: seccomp sandbox violation: pid 31119, tid 31170, syscall 262, args 4294967196 140685303280064 140685229979776 2304 2304 1.
Sandbox: unsupported flags 2048 in fstatat(-100, "/home/akane86/.config/gtk-3.0/colors.css", 0x7FC31323C880, 2304)
Sandbox: seccomp sandbox violation: pid 31207, tid 31236, syscall 262, args 4294967196 140475890285200 140475816462464 2304 2304 1.
Sandbox: unsupported flags 2048 in fstatat(-100, "/home/akane86/.config/gtk-3.0/colors.css", 0x7F7E4E187880, 2304)
Sandbox: seccomp sandbox violation: pid 31098, tid 31145, syscall 262, args 4294967196 140180458600960 140180452833408 2304 2304 1.
Sandbox: unsupported flags 2048 in fstatat(-100, "/home/akane86/.config/gtk-3.0/colors.css", 0x7FF3D5287880, 2304)
Sandbox: seccomp sandbox violation: pid 31119, tid 31170, syscall 262, args 4294967196 140685303280064 140685229979776 2304 2304 1.
Sandbox: unsupported flags 2048 in fstatat(-100, "/home/akane86/.config/gtk-3.0/colors.css", 0x7FC31323C880, 2304)
Sandbox: seccomp sandbox violation: pid 31207, tid 31236, syscall 262, args 4294967196 140475890285200 140475816462464 2304 2304 1.
Sandbox: unsupported fd-relative fstatat(27, "", 0x7FFF8A09F040, 4096)
Sandbox: seccomp sandbox violation: pid 31242, tid 31242, syscall 262, args 27 140172021037930 140735509295168 4096 4096 1.
Sandbox: unsupported fd-relative fstatat(27, "", 0x7FFF8A09EF30, 4096)
Sandbox: seccomp sandbox violation: pid 31242, tid 31242, syscall 262, args 27 140172021037930 140735509294896 4096 4096 1.
Sandbox: unsupported flags 2048 in fstatat(-100, "/home/akane86/.config/gtk-3.0/colors.css", 0x7F7C3AB7D880, 2304)
Sandbox: seccomp sandbox violation: pid 31242, tid 31327, syscall 262, args 4294967196 140171543749776 140171537799296 2304 2304 1.
Sandbox: unsupported fd-relative fstatat(27, "", 0x7FFC2C0A4C90, 4096)
Sandbox: seccomp sandbox violation: pid 31325, tid 31325, syscall 262, args 27 140714187860842 140721047358608 4096 4096 1.
Sandbox: unsupported fd-relative fstatat(27, "", 0x7FFC2C0A4B80, 4096)
Sandbox: seccomp sandbox violation: pid 31325, tid 31325, syscall 262, args 27 140714187860842 140721047358336 4096 4096 1.
Sandbox: unsupported flags 2048 in fstatat(-100, "/home/akane86/.config/gtk-3.0/colors.css", 0x7FFA765FC880, 2304)
Sandbox: seccomp sandbox violation: pid 31325, tid 31366, syscall 262, args 4294967196 140713709999344 140713704540288 2304 2304 1.
Sandbox: unsupported flags 2048 in fstatat(-100, "/home/akane86/.config/gtk-3.0/colors.css", 0x7FF3D5287880, 2304)
Sandbox: seccomp sandbox violation: pid 31119, tid 31170, syscall 262, args 4294967196 140685303280064 140685229979776 2304 2304 1.
Sandbox: unsupported flags 2048 in fstatat(-100, "/home/akane86/.config/gtk-3.0/colors.css", 0x7FC31323C880, 2304)
Sandbox: seccomp sandbox violation: pid 31207, tid 31236, syscall 262, args 4294967196 140475890285200 140475816462464 2304 2304 1.
Sandbox: unsupported flags 2048 in fstatat(-100, "/home/akane86/.config/gtk-3.0/colors.css", 0x7F7C3AB7D880, 2304)
Sandbox: seccomp sandbox violation: pid 31242, tid 31327, syscall 262, args 4294967196 140171543749776 140171537799296 2304 2304 1.
Sandbox: unsupported flags 2048 in fstatat(-100, "/home/akane86/.config/gtk-3.0/colors.css", 0x7FF3D5287880, 2304)
Sandbox: unsupported flags 2048 in fstatat(-100, "/home/akane86/.config/gtk-3.0/colors.css", 0x7FFA765FC880, 2304)
Sandbox: seccomp sandbox violation: pid 31119, tid 31170, syscall 262, args 4294967196 140685303280064 140685229979776 2304 2304 1.
Sandbox: seccomp sandbox violation: pid 31325, tid 31366, syscall 262, args 4294967196 140713709999344 140713704540288 2304 2304 1.
Sandbox: unsupported flags 2048 in fstatat(-100, "/home/akane86/.config/gtk-3.0/colors.css", 0x7FC31323C880, 2304)
Sandbox: seccomp sandbox violation: pid 31207, tid 31236, syscall 262, args 4294967196 140475890285200 140475816462464 2304 2304 1.
Sandbox: unsupported flags 2048 in fstatat(-100, "/home/akane86/.config/gtk-3.0/colors.css", 0x7F7C3AB7D880, 2304)
Sandbox: seccomp sandbox violation: pid 31242, tid 31327, syscall 262, args 4294967196 140171543749776 140171537799296 2304 2304 1.
Sandbox: unsupported flags 2048 in fstatat(-100, "/home/akane86/.config/gtk-3.0/colors.css", 0x7FF3D5287880, 2304)
Sandbox: unsupported flags 2048 in fstatat(-100, "/home/akane86/.config/gtk-3.0/colors.css", 0x7FFA765FC880, 2304)
Sandbox: seccomp sandbox violation: pid 31119, tid 31170, syscall 262, args 4294967196 140685303280064 140685229979776 2304 2304 1.
Sandbox: seccomp sandbox violation: pid 31325, tid 31366, syscall 262, args 4294967196 140713709999344 140713704540288 2304 2304 1.
1613655651440	Marionette	INFO	Stopped listening on port 40875
1613655658206	mozrunner::runner	INFO	Running command: "/usr/bin/firefox" "-marionette" "-foreground" "-no-remote" "-profile" "/tmp/rust_mozprofile.x5SEfKVlyP3P"
Sandbox: unsupported fd-relative fstatat(26, "", 0x7FFDD57505A0, 4096)
Sandbox: seccomp sandbox violation: pid 31567, tid 31567, syscall 262, args 26 140116703771498 140728184669600 4096 4096 1.
Sandbox: unsupported fd-relative fstatat(26, "", 0x7FFDD5750490, 4096)
Sandbox: seccomp sandbox violation: pid 31567, tid 31567, syscall 262, args 26 140116703771498 140728184669328 4096 4096 1.
Sandbox: unsupported flags 2048 in fstatat(-100, "/home/akane86/.config/gtk-3.0/colors.css", 0x7F6F598C5880, 2304)
Sandbox: seccomp sandbox violation: pid 31567, tid 31615, syscall 262, args 4294967196 140116226026176 140116220467328 2304 2304 1.
Sandbox: unsupported fd-relative fstatat(22, "", 0x7FFEA5E71370, 4096)
Sandbox: seccomp sandbox violation: pid 31592, tid 31592, syscall 262, args 22 139925507349354 140731681805168 4096 4096 1.
Sandbox: unsupported fd-relative fstatat(22, "", 0x7FFEA5E71260, 4096)
Sandbox: seccomp sandbox violation: pid 31592, tid 31592, syscall 262, args 22 139925507349354 140731681804896 4096 4096 1.
Sandbox: unsupported flags 2048 in fstatat(-100, "/home/akane86/.config/gtk-3.0/colors.css", 0x7F42D55C5880, 2304)
Sandbox: seccomp sandbox violation: pid 31592, tid 31637, syscall 262, args 4294967196 139925029822720 139925024168064 2304 2304 1.
console.error: SearchCache: "_readCacheFile: Error reading cache file:" (new Error("", "(unknown module)"))
Sandbox: unsupported fd-relative fstatat(22, "", 0x7FFD53404930, 4096)
Sandbox: seccomp sandbox violation: pid 31670, tid 31670, syscall 262, args 22 140018701568874 140726000175408 4096 4096 1.
Sandbox: unsupported fd-relative fstatat(22, "", 0x7FFD53404820, 4096)
Sandbox: seccomp sandbox violation: pid 31670, tid 31670, syscall 262, args 22 140018701568874 140726000175136 4096 4096 1.
Sandbox: unsupported flags 2048 in fstatat(-100, "/home/akane86/.config/gtk-3.0/colors.css", 0x7F588827D880, 2304)
Sandbox: seccomp sandbox violation: pid 31670, tid 31699, syscall 262, args 4294967196 140018222922432 140018218162304 2304 2304 1.
1613655660606	Marionette	INFO	Listening on port 36889
1613655660616	Marionette	WARN	TLS certificate errors will be ignored for this session
JavaScript error: https://start.fedoraproject.org/, line 292: TypeError: $(...).uls is not a function
1613655662769	Marionette	INFO	Stopped listening on port 36889
1613655717837	mozrunner::runner	INFO	Running command: "/usr/bin/firefox" "-marionette" "-foreground" "-no-remote" "-profile" "/tmp/rust_mozprofile.5WS58c7rk07D"
Sandbox: unsupported fd-relative fstatat(20, "", 0x7FFFCA62D2A0, 4096)
Sandbox: seccomp sandbox violation: pid 31992, tid 31992, syscall 262, args 20 140093507808106 140736588862112 4096 4096 1.
Sandbox: unsupported fd-relative fstatat(20, "", 0x7FFFCA62D190, 4096)
Sandbox: seccomp sandbox violation: pid 31992, tid 31992, syscall 262, args 20 140093507808106 140736588861840 4096 4096 1.
Sandbox: unsupported flags 2048 in fstatat(-100, "/home/akane86/.config/gtk-3.0/colors.css", 0x7F69F2F87880, 2304)
Sandbox: seccomp sandbox violation: pid 31992, tid 32047, syscall 262, args 4294967196 140093030509392 140093024663680 2304 2304 1.
Sandbox: unsupported fd-relative fstatat(22, "", 0x7FFD0F577F80, 4096)
Sandbox: seccomp sandbox violation: pid 32013, tid 32013, syscall 262, args 22 140041881926506 140724860845952 4096 4096 1.
Sandbox: unsupported fd-relative fstatat(22, "", 0x7FFD0F577E70, 4096)
Sandbox: seccomp sandbox violation: pid 32013, tid 32013, syscall 262, args 22 140041881926506 140724860845680 4096 4096 1.
Sandbox: unsupported flags 2048 in fstatat(-100, "/home/akane86/.config/gtk-3.0/colors.css", 0x7F5DEDD46880, 2304)
Sandbox: seccomp sandbox violation: pid 32013, tid 32067, syscall 262, args 4294967196 140041403793664 140041398806656 2304 2304 1.
console.error: SearchCache: "_readCacheFile: Error reading cache file:" (new Error("", "(unknown module)"))
Sandbox: unsupported fd-relative fstatat(22, "", 0x7FFF50B193C0, 4096)
Sandbox: seccomp sandbox violation: pid 32100, tid 32100, syscall 262, args 22 139892807580522 140734547203008 4096 4096 1.
Sandbox: unsupported fd-relative fstatat(22, "", 0x7FFF50B192B0, 4096)
Sandbox: seccomp sandbox violation: pid 32100, tid 32100, syscall 262, args 22 139892807580522 140734547202736 4096 4096 1.
Sandbox: unsupported flags 2048 in fstatat(-100, "/home/akane86/.config/gtk-3.0/colors.css", 0x7F3B384BB880, 2304)
Sandbox: seccomp sandbox violation: pid 32100, tid 32132, syscall 262, args 4294967196 139892351819104 139892324284544 2304 2304 1.
1613655720072	Marionette	INFO	Listening on port 44899
1613655720144	Marionette	WARN	TLS certificate errors will be ignored for this session
JavaScript error: https://start.fedoraproject.org/, line 292: TypeError: $(...).uls is not a function
Sandbox: unsupported flags 2048 in fstatat(-100, "/home/akane86/.config/gtk-3.0/colors.css", 0x7F5DEDD46880, 2304)
Sandbox: seccomp sandbox violation: pid 32013, tid 32067, syscall 262, args 4294967196 140041403793664 140041398806656 2304 2304 1.
Sandbox: unsupported flags 2048 in fstatat(-100, "/home/akane86/.config/gtk-3.0/colors.css", 0x7F69F2F87880, 2304)
Sandbox: seccomp sandbox violation: pid 31992, tid 32047, syscall 262, args 4294967196 140093030509392 140093024663680 2304 2304 1.
Sandbox: unsupported flags 2048 in fstatat(-100, "/home/akane86/.config/gtk-3.0/colors.css", 0x7F3B384BB880, 2304)
Sandbox: seccomp sandbox violation: pid 32100, tid 32132, syscall 262, args 4294967196 139892351819104 139892324284544 2304 2304 1.
Sandbox: unsupported flags 2048 in fstatat(-100, "/home/akane86/.config/gtk-3.0/colors.css", 0x7F5DEDD46880, 2304)
Sandbox: seccomp sandbox violation: pid 32013, tid 32067, syscall 262, args 4294967196 140041403793664 140041398806656 2304 2304 1.
Sandbox: unsupported flags 2048 in fstatat(-100, "/home/akane86/.config/gtk-3.0/colors.css", 0x7F69F2F87880, 2304)
Sandbox: seccomp sandbox violation: pid 31992, tid 32047, syscall 262, args 4294967196 140093030509392 140093024663680 2304 2304 1.
Sandbox: unsupported flags 2048 in fstatat(-100, "/home/akane86/.config/gtk-3.0/colors.css", 0x7F3B384BB880, 2304)
Sandbox: seccomp sandbox violation: pid 32100, tid 32132, syscall 262, args 4294967196 139892351819104 139892324284544 2304 2304 1.
1613655733847	Marionette	INFO	Stopped listening on port 44899
1613656419219	mozrunner::runner	INFO	Running command: "/usr/bin/firefox" "-marionette" "-foreground" "-no-remote" "-profile" "/tmp/rust_mozprofile.ctebVd3YieAc"
Sandbox: unsupported fd-relative fstatat(22, "", 0x7FFD35D1AF40, 4096)
Sandbox: seccomp sandbox violation: pid 33841, tid 33841, syscall 262, args 22 140114441120618 140725506387776 4096 4096 1.
Sandbox: unsupported fd-relative fstatat(22, "", 0x7FFD35D1AE30, 4096)
Sandbox: seccomp sandbox violation: pid 33841, tid 33841, syscall 262, args 22 140114441120618 140725506387504 4096 4096 1.
Sandbox: unsupported flags 2048 in fstatat(-100, "/home/akane86/.config/gtk-3.0/colors.css", 0x7F6ED2B06880, 2304)
Sandbox: seccomp sandbox violation: pid 33841, tid 33896, syscall 262, args 4294967196 140113963162448 140113957906560 2304 2304 1.
Sandbox: unsupported fd-relative fstatat(23, "", 0x7FFE174479A0, 4096)
Sandbox: seccomp sandbox violation: pid 33862, tid 33862, syscall 262, args 23 139817392835434 140729288784288 4096 4096 1.
Sandbox: unsupported fd-relative fstatat(23, "", 0x7FFE17447890, 4096)
Sandbox: seccomp sandbox violation: pid 33862, tid 33862, syscall 262, args 23 139817392835434 140729288784016 4096 4096 1.
Sandbox: unsupported flags 2048 in fstatat(-100, "/home/akane86/.config/gtk-3.0/colors.css", 0x7F29A93C5880, 2304)
Sandbox: seccomp sandbox violation: pid 33862, tid 33911, syscall 262, args 4294967196 139816914633104 139816909691008 2304 2304 1.
console.error: SearchCache: "_readCacheFile: Error reading cache file:" (new Error("", "(unknown module)"))
Sandbox: unsupported fd-relative fstatat(22, "", 0x7FFDF3A03880, 4096)
Sandbox: seccomp sandbox violation: pid 33946, tid 33946, syscall 262, args 22 140434804906858 140728690817152 4096 4096 1.
Sandbox: unsupported fd-relative fstatat(22, "", 0x7FFDF3A03770, 4096)
Sandbox: seccomp sandbox violation: pid 33946, tid 33946, syscall 262, args 22 140434804906858 140728690816880 4096 4096 1.
Sandbox: unsupported flags 2048 in fstatat(-100, "/home/akane86/.config/gtk-3.0/colors.css", 0x7FB969DBB880, 2304)
Sandbox: seccomp sandbox violation: pid 33946, tid 33979, syscall 262, args 4294967196 140434327505744 140434321684608 2304 2304 1.
1613656421584	Marionette	INFO	Listening on port 37533
1613656421628	Marionette	WARN	TLS certificate errors will be ignored for this session
JavaScript error: https://start.fedoraproject.org/, line 292: TypeError: $(...).uls is not a function
Sandbox: unsupported flags 2048 in fstatat(-100, "/home/akane86/.config/gtk-3.0/colors.css", 0x7F29A93C5880, 2304)
Sandbox: seccomp sandbox violation: pid 33862, tid 33911, syscall 262, args 4294967196 139816914633104 139816909691008 2304 2304 1.
Sandbox: unsupported flags 2048 in fstatat(-100, "/home/akane86/.config/gtk-3.0/colors.css", 0x7F6ED2B06880, 2304)
Sandbox: seccomp sandbox violation: pid 33841, tid 33896, syscall 262, args 4294967196 140113963162448 140113957906560 2304 2304 1.
Sandbox: unsupported flags 2048 in fstatat(-100, "/home/akane86/.config/gtk-3.0/colors.css", 0x7FB969DBB880, 2304)
Sandbox: seccomp sandbox violation: pid 33946, tid 33979, syscall 262, args 4294967196 140434327505744 140434321684608 2304 2304 1.
Sandbox: unsupported flags 2048 in fstatat(-100, "/home/akane86/.config/gtk-3.0/colors.css", 0x7F29A93C5880, 2304)
Sandbox: seccomp sandbox violation: pid 33862, tid 33911, syscall 262, args 4294967196 139816914633104 139816909691008 2304 2304 1.
Sandbox: unsupported flags 2048 in fstatat(-100, "/home/akane86/.config/gtk-3.0/colors.css", 0x7F6ED2B06880, 2304)
Sandbox: seccomp sandbox violation: pid 33841, tid 33896, syscall 262, args 4294967196 140113963162448 140113957906560 2304 2304 1.
Sandbox: unsupported flags 2048 in fstatat(-100, "/home/akane86/.config/gtk-3.0/colors.css", 0x7FB969DBB880, 2304)
Sandbox: seccomp sandbox violation: pid 33946, tid 33979, syscall 262, args 4294967196 140434327505744 140434321684608 2304 2304 1.
Sandbox: unsupported flags 2048 in fstatat(-100, "/home/akane86/.config/gtk-3.0/colors.css", 0x7F6ED2B06880, 2304)
Sandbox: seccomp sandbox violation: pid 33841, tid 33896, syscall 262, args 4294967196 140113963162448 140113957906560 2304 2304 1.
Sandbox: unsupported flags 2048 in fstatat(-100, "/home/akane86/.config/gtk-3.0/colors.css", 0x7F29A93C5880, 2304)
Sandbox: seccomp sandbox violation: pid 33862, tid 33911, syscall 262, args 4294967196 139816914633104 139816909691008 2304 2304 1.
Sandbox: unsupported flags 2048 in fstatat(-100, "/home/akane86/.config/gtk-3.0/colors.css", 0x7FB969DBB880, 2304)
Sandbox: seccomp sandbox violation: pid 33946, tid 33979, syscall 262, args 4294967196 140434327505744 140434321684608 2304 2304 1.
Sandbox: unsupported flags 2048 in fstatat(-100, "/home/akane86/.config/gtk-3.0/colors.css", 0x7F6ED2B06880, 2304)
Sandbox: seccomp sandbox violation: pid 33841, tid 33896, syscall 262, args 4294967196 140113963162448 140113957906560 2304 2304 1.
Sandbox: unsupported flags 2048 in fstatat(-100, "/home/akane86/.config/gtk-3.0/colors.css", 0x7F29A93C5880, 2304)
Sandbox: seccomp sandbox violation: pid 33862, tid 33911, syscall 262, args 4294967196 139816914633104 139816909691008 2304 2304 1.
Sandbox: unsupported flags 2048 in fstatat(-100, "/home/akane86/.config/gtk-3.0/colors.css", 0x7FB969DBB880, 2304)
Sandbox: seccomp sandbox violation: pid 33946, tid 33979, syscall 262, args 4294967196 140434327505744 140434321684608 2304 2304 1.
Sandbox: unsupported flags 2048 in fstatat(-100, "/home/akane86/.config/gtk-3.0/colors.css", 0x7F6ED2B06880, 2304)
Sandbox: seccomp sandbox violation: pid 33841, tid 33896, syscall 262, args 4294967196 140113963162448 140113957906560 2304 2304 1.
Sandbox: unsupported flags 2048 in fstatat(-100, "/home/akane86/.config/gtk-3.0/colors.css", 0x7F29A93C5880, 2304)
Sandbox: seccomp sandbox violation: pid 33862, tid 33911, syscall 262, args 4294967196 139816914633104 139816909691008 2304 2304 1.
Sandbox: unsupported flags 2048 in fstatat(-100, "/home/akane86/.config/gtk-3.0/colors.css", 0x7FB969DBB880, 2304)
Sandbox: seccomp sandbox violation: pid 33946, tid 33979, syscall 262, args 4294967196 140434327505744 140434321684608 2304 2304 1.
Sandbox: unsupported flags 2048 in fstatat(-100, "/home/akane86/.config/gtk-3.0/colors.css", 0x7F29A93C5880, 2304)
Sandbox: seccomp sandbox violation: pid 33862, tid 33911, syscall 262, args 4294967196 139816914633104 139816909691008 2304 2304 1.
Sandbox: unsupported flags 2048 in fstatat(-100, "/home/akane86/.config/gtk-3.0/colors.css", 0x7F6ED2B06880, 2304)
Sandbox: seccomp sandbox violation: pid 33841, tid 33896, syscall 262, args 4294967196 140113963162448 140113957906560 2304 2304 1.
Sandbox: unsupported flags 2048 in fstatat(-100, "/home/akane86/.config/gtk-3.0/colors.css", 0x7FB969DBB880, 2304)
Sandbox: seccomp sandbox violation: pid 33946, tid 33979, syscall 262, args 4294967196 140434327505744 140434321684608 2304 2304 1.
Sandbox: unsupported flags 2048 in fstatat(-100, "/home/akane86/.config/gtk-3.0/colors.css", 0x7F29A93C5880, 2304)
Sandbox: seccomp sandbox violation: pid 33862, tid 33911, syscall 262, args 4294967196 139816914633104 139816909691008 2304 2304 1.
Sandbox: unsupported flags 2048 in fstatat(-100, "/home/akane86/.config/gtk-3.0/colors.css", 0x7F6ED2B06880, 2304)
Sandbox: seccomp sandbox violation: pid 33841, tid 33896, syscall 262, args 4294967196 140113963162448 140113957906560 2304 2304 1.
Sandbox: unsupported flags 2048 in fstatat(-100, "/home/akane86/.config/gtk-3.0/colors.css", 0x7FB969DBB880, 2304)
Sandbox: seccomp sandbox violation: pid 33946, tid 33979, syscall 262, args 4294967196 140434327505744 140434321684608 2304 2304 1.
IPDL protocol error: Handler returned error code!

###!!! [Parent][DispatchAsyncMessage] Error: PLayerTransaction::Msg_ReleaseLayer Processing error: message was deserialized, but the handler returned false (indicating failure)

IPDL protocol error: Handler returned error code!

###!!! [Parent][DispatchAsyncMessage] Error: PLayerTransaction::Msg_ReleaseLayer Processing error: message was deserialized, but the handler returned false (indicating failure)

IPDL protocol error: Handler returned error code!

###!!! [Parent][DispatchAsyncMessage] Error: PLayerTransaction::Msg_ReleaseLayer Processing error: message was deserialized, but the handler returned false (indicating failure)

IPDL protocol error: Handler returned error code!

###!!! [Parent][DispatchAsyncMessage] Error: PLayerTransaction::Msg_ReleaseLayer Processing error: message was deserialized, but the handler returned false (indicating failure)

IPDL protocol error: Handler returned error code!

###!!! [Parent][DispatchAsyncMessage] Error: PLayerTransaction::Msg_ReleaseLayer Processing error: message was deserialized, but the handler returned false (indicating failure)

IPDL protocol error: Handler returned error code!

###!!! [Parent][DispatchAsyncMessage] Error: PLayerTransaction::Msg_ReleaseLayer Processing error: message was deserialized, but the handler returned false (indicating failure)

IPDL protocol error: Handler returned error code!

###!!! [Parent][DispatchAsyncMessage] Error: PLayerTransaction::Msg_ReleaseLayer Processing error: message was deserialized, but the handler returned false (indicating failure)

IPDL protocol error: Handler returned error code!

###!!! [Parent][DispatchAsyncMessage] Error: PLayerTransaction::Msg_ReleaseLayer Processing error: message was deserialized, but the handler returned false (indicating failure)

IPDL protocol error: Handler returned error code!

###!!! [Parent][DispatchAsyncMessage] Error: PLayerTransaction::Msg_ReleaseLayer Processing error: message was deserialized, but the handler returned false (indicating failure)

IPDL protocol error: Handler returned error code!

###!!! [Parent][DispatchAsyncMessage] Error: PLayerTransaction::Msg_ReleaseLayer Processing error: message was deserialized, but the handler returned false (indicating failure)

IPDL protocol error: Handler returned error code!

###!!! [Parent][DispatchAsyncMessage] Error: PLayerTransaction::Msg_ReleaseLayer Processing error: message was deserialized, but the handler returned false (indicating failure)

IPDL protocol error: Handler returned error code!

###!!! [Parent][DispatchAsyncMessage] Error: PLayerTransaction::Msg_ReleaseLayer Processing error: message was deserialized, but the handler returned false (indicating failure)

IPDL protocol error: Handler returned error code!

###!!! [Parent][DispatchAsyncMessage] Error: PLayerTransaction::Msg_ReleaseLayer Processing error: message was deserialized, but the handler returned false (indicating failure)

IPDL protocol error: Handler returned error code!

###!!! [Parent][DispatchAsyncMessage] Error: PLayerTransaction::Msg_ReleaseLayer Processing error: message was deserialized, but the handler returned false (indicating failure)

IPDL protocol error: Handler returned error code!

###!!! [Parent][DispatchAsyncMessage] Error: PLayerTransaction::Msg_ReleaseLayer Processing error: message was deserialized, but the handler returned false (indicating failure)

IPDL protocol error: Handler returned error code!

###!!! [Parent][DispatchAsyncMessage] Error: PLayerTransaction::Msg_ReleaseLayer Processing error: message was deserialized, but the handler returned false (indicating failure)

IPDL protocol error: Handler returned error code!

###!!! [Parent][DispatchAsyncMessage] Error: PLayerTransaction::Msg_ReleaseLayer Processing error: message was deserialized, but the handler returned false (indicating failure)

IPDL protocol error: Handler returned error code!

###!!! [Parent][DispatchAsyncMessage] Error: PLayerTransaction::Msg_ReleaseLayer Processing error: message was deserialized, but the handler returned false (indicating failure)

IPDL protocol error: Handler returned error code!

###!!! [Parent][DispatchAsyncMessage] Error: PLayerTransaction::Msg_ReleaseLayer Processing error: message was deserialized, but the handler returned false (indicating failure)

IPDL protocol error: Handler returned error code!

###!!! [Parent][DispatchAsyncMessage] Error: PLayerTransaction::Msg_ReleaseLayer Processing error: message was deserialized, but the handler returned false (indicating failure)

IPDL protocol error: Handler returned error code!

###!!! [Parent][DispatchAsyncMessage] Error: PLayerTransaction::Msg_ReleaseLayer Processing error: message was deserialized, but the handler returned false (indicating failure)

IPDL protocol error: Handler returned error code!

###!!! [Parent][DispatchAsyncMessage] Error: PLayerTransaction::Msg_ReleaseLayer Processing error: message was deserialized, but the handler returned false (indicating failure)

IPDL protocol error: Handler returned error code!

###!!! [Parent][DispatchAsyncMessage] Error: PLayerTransaction::Msg_ReleaseLayer Processing error: message was deserialized, but the handler returned false (indicating failure)

IPDL protocol error: Handler returned error code!

###!!! [Parent][DispatchAsyncMessage] Error: PLayerTransaction::Msg_ReleaseLayer Processing error: message was deserialized, but the handler returned false (indicating failure)

IPDL protocol error: Handler returned error code!

###!!! [Parent][DispatchAsyncMessage] Error: PLayerTransaction::Msg_ReleaseLayer Processing error: message was deserialized, but the handler returned false (indicating failure)

IPDL protocol error: Handler returned error code!

###!!! [Parent][DispatchAsyncMessage] Error: PLayerTransaction::Msg_ReleaseLayer Processing error: message was deserialized, but the handler returned false (indicating failure)

IPDL protocol error: Handler returned error code!

###!!! [Parent][DispatchAsyncMessage] Error: PLayerTransaction::Msg_ReleaseLayer Processing error: message was deserialized, but the handler returned false (indicating failure)

IPDL protocol error: Handler returned error code!

###!!! [Parent][DispatchAsyncMessage] Error: PLayerTransaction::Msg_ReleaseLayer Processing error: message was deserialized, but the handler returned false (indicating failure)

IPDL protocol error: Handler returned error code!

###!!! [Parent][DispatchAsyncMessage] Error: PLayerTransaction::Msg_ReleaseLayer Processing error: message was deserialized, but the handler returned false (indicating failure)

IPDL protocol error: Handler returned error code!

###!!! [Parent][DispatchAsyncMessage] Error: PLayerTransaction::Msg_ReleaseLayer Processing error: message was deserialized, but the handler returned false (indicating failure)

IPDL protocol error: Handler returned error code!

###!!! [Parent][DispatchAsyncMessage] Error: PLayerTransaction::Msg_ReleaseLayer Processing error: message was deserialized, but the handler returned false (indicating failure)

IPDL protocol error: Handler returned error code!

###!!! [Parent][DispatchAsyncMessage] Error: PLayerTransaction::Msg_ReleaseLayer Processing error: message was deserialized, but the handler returned false (indicating failure)

IPDL protocol error: Handler returned error code!

###!!! [Parent][DispatchAsyncMessage] Error: PLayerTransaction::Msg_ReleaseLayer Processing error: message was deserialized, but the handler returned false (indicating failure)

IPDL protocol error: Handler returned error code!

###!!! [Parent][DispatchAsyncMessage] Error: PLayerTransaction::Msg_ReleaseLayer Processing error: message was deserialized, but the handler returned false (indicating failure)

IPDL protocol error: Handler returned error code!

###!!! [Parent][DispatchAsyncMessage] Error: PLayerTransaction::Msg_ReleaseLayer Processing error: message was deserialized, but the handler returned false (indicating failure)

IPDL protocol error: Handler returned error code!

###!!! [Parent][DispatchAsyncMessage] Error: PLayerTransaction::Msg_ReleaseLayer Processing error: message was deserialized, but the handler returned false (indicating failure)

IPDL protocol error: Handler returned error code!

###!!! [Parent][DispatchAsyncMessage] Error: PLayerTransaction::Msg_ReleaseLayer Processing error: message was deserialized, but the handler returned false (indicating failure)

IPDL protocol error: Handler returned error code!

###!!! [Parent][DispatchAsyncMessage] Error: PLayerTransaction::Msg_ReleaseLayer Processing error: message was deserialized, but the handler returned false (indicating failure)

IPDL protocol error: Handler returned error code!

###!!! [Parent][DispatchAsyncMessage] Error: PLayerTransaction::Msg_ReleaseLayer Processing error: message was deserialized, but the handler returned false (indicating failure)

IPDL protocol error: Handler returned error code!

###!!! [Parent][DispatchAsyncMessage] Error: PLayerTransaction::Msg_ReleaseLayer Processing error: message was deserialized, but the handler returned false (indicating failure)

IPDL protocol error: Handler returned error code!

###!!! [Parent][DispatchAsyncMessage] Error: PLayerTransaction::Msg_ReleaseLayer Processing error: message was deserialized, but the handler returned false (indicating failure)

IPDL protocol error: Handler returned error code!

###!!! [Parent][DispatchAsyncMessage] Error: PLayerTransaction::Msg_ReleaseLayer Processing error: message was deserialized, but the handler returned false (indicating failure)

IPDL protocol error: Handler returned error code!

###!!! [Parent][DispatchAsyncMessage] Error: PLayerTransaction::Msg_ReleaseLayer Processing error: message was deserialized, but the handler returned false (indicating failure)

IPDL protocol error: Handler returned error code!

###!!! [Parent][DispatchAsyncMessage] Error: PLayerTransaction::Msg_ReleaseLayer Processing error: message was deserialized, but the handler returned false (indicating failure)

IPDL protocol error: Handler returned error code!

###!!! [Parent][DispatchAsyncMessage] Error: PLayerTransaction::Msg_ReleaseLayer Processing error: message was deserialized, but the handler returned false (indicating failure)

IPDL protocol error: Handler returned error code!

###!!! [Parent][DispatchAsyncMessage] Error: PLayerTransaction::Msg_ReleaseLayer Processing error: message was deserialized, but the handler returned false (indicating failure)

IPDL protocol error: Handler returned error code!

###!!! [Parent][DispatchAsyncMessage] Error: PLayerTransaction::Msg_ReleaseLayer Processing error: message was deserialized, but the handler returned false (indicating failure)

IPDL protocol error: Handler returned error code!

###!!! [Parent][DispatchAsyncMessage] Error: PLayerTransaction::Msg_ReleaseLayer Processing error: message was deserialized, but the handler returned false (indicating failure)

IPDL protocol error: Handler returned error code!

###!!! [Parent][DispatchAsyncMessage] Error: PLayerTransaction::Msg_ReleaseLayer Processing error: message was deserialized, but the handler returned false (indicating failure)

IPDL protocol error: Handler returned error code!

###!!! [Parent][DispatchAsyncMessage] Error: PLayerTransaction::Msg_ReleaseLayer Processing error: message was deserialized, but the handler returned false (indicating failure)

IPDL protocol error: Handler returned error code!

###!!! [Parent][DispatchAsyncMessage] Error: PLayerTransaction::Msg_ReleaseLayer Processing error: message was deserialized, but the handler returned false (indicating failure)

IPDL protocol error: Handler returned error code!

###!!! [Parent][DispatchAsyncMessage] Error: PLayerTransaction::Msg_ReleaseLayer Processing error: message was deserialized, but the handler returned false (indicating failure)

IPDL protocol error: Handler returned error code!

###!!! [Parent][DispatchAsyncMessage] Error: PLayerTransaction::Msg_ReleaseLayer Processing error: message was deserialized, but the handler returned false (indicating failure)

IPDL protocol error: Handler returned error code!

###!!! [Parent][DispatchAsyncMessage] Error: PLayerTransaction::Msg_ReleaseLayer Processing error: message was deserialized, but the handler returned false (indicating failure)

IPDL protocol error: Handler returned error code!

###!!! [Parent][DispatchAsyncMessage] Error: PLayerTransaction::Msg_ReleaseLayer Processing error: message was deserialized, but the handler returned false (indicating failure)

IPDL protocol error: Handler returned error code!

###!!! [Parent][DispatchAsyncMessage] Error: PLayerTransaction::Msg_ReleaseLayer Processing error: message was deserialized, but the handler returned false (indicating failure)

IPDL protocol error: Handler returned error code!

###!!! [Parent][DispatchAsyncMessage] Error: PLayerTransaction::Msg_ReleaseLayer Processing error: message was deserialized, but the handler returned false (indicating failure)

IPDL protocol error: Handler returned error code!

###!!! [Parent][DispatchAsyncMessage] Error: PLayerTransaction::Msg_ReleaseLayer Processing error: message was deserialized, but the handler returned false (indicating failure)

IPDL protocol error: Handler returned error code!

###!!! [Parent][DispatchAsyncMessage] Error: PLayerTransaction::Msg_ReleaseLayer Processing error: message was deserialized, but the handler returned false (indicating failure)

IPDL protocol error: Handler returned error code!

###!!! [Parent][DispatchAsyncMessage] Error: PLayerTransaction::Msg_ReleaseLayer Processing error: message was deserialized, but the handler returned false (indicating failure)

IPDL protocol error: Handler returned error code!

###!!! [Parent][DispatchAsyncMessage] Error: PLayerTransaction::Msg_ReleaseLayer Processing error: message was deserialized, but the handler returned false (indicating failure)

IPDL protocol error: Handler returned error code!

###!!! [Parent][DispatchAsyncMessage] Error: PLayerTransaction::Msg_ReleaseLayer Processing error: message was deserialized, but the handler returned false (indicating failure)

1613656459782	Marionette	INFO	Stopped listening on port 37533
1613656497023	mozrunner::runner	INFO	Running command: "/usr/bin/firefox" "-marionette" "-foreground" "-no-remote" "-profile" "/tmp/rust_mozprofile.nEfHuJ1rn9XA"
Sandbox: unsupported fd-relative fstatat(22, "", 0x7FFD60E93A00, 4096)
Sandbox: seccomp sandbox violation: pid 34364, tid 34364, syscall 262, args 22 140598807399274 140726229350912 4096 4096 1.
Sandbox: unsupported fd-relative fstatat(22, "", 0x7FFD60E938F0, 4096)
Sandbox: seccomp sandbox violation: pid 34364, tid 34364, syscall 262, args 22 140598807399274 140726229350640 4096 4096 1.
Sandbox: unsupported flags 2048 in fstatat(-100, "/home/akane86/.config/gtk-3.0/colors.css", 0x7FDF992C5880, 2304)
Sandbox: seccomp sandbox violation: pid 34364, tid 34420, syscall 262, args 4294967196 140598328843040 140598324254848 2304 2304 1.
Sandbox: unsupported fd-relative fstatat(20, "", 0x7FFFA51C71A0, 4096)
Sandbox: seccomp sandbox violation: pid 34385, tid 34385, syscall 262, args 20 140229474720618 140735963492768 4096 4096 1.
Sandbox: unsupported fd-relative fstatat(20, "", 0x7FFFA51C7090, 4096)
Sandbox: seccomp sandbox violation: pid 34385, tid 34385, syscall 262, args 20 140229474720618 140735963492496 4096 4096 1.
Sandbox: unsupported flags 2048 in fstatat(-100, "/home/akane86/.config/gtk-3.0/colors.css", 0x7F899B387880, 2304)
Sandbox: seccomp sandbox violation: pid 34385, tid 34439, syscall 262, args 4294967196 140229021532272 140228991416448 2304 2304 1.
console.error: SearchCache: "_readCacheFile: Error reading cache file:" (new Error("", "(unknown module)"))
Sandbox: unsupported fd-relative fstatat(22, "", 0x7FFDECD7D730, 4096)
Sandbox: seccomp sandbox violation: pid 34473, tid 34473, syscall 262, args 22 140338323520362 140728577021744 4096 4096 1.
Sandbox: unsupported fd-relative fstatat(22, "", 0x7FFDECD7D620, 4096)
Sandbox: seccomp sandbox violation: pid 34473, tid 34473, syscall 262, args 22 140338323520362 140728577021472 4096 4096 1.
Sandbox: unsupported flags 2048 in fstatat(-100, "/home/akane86/.config/gtk-3.0/colors.css", 0x7FA2F31FD880, 2304)
Sandbox: seccomp sandbox violation: pid 34473, tid 34505, syscall 262, args 4294967196 140337845852768 140337840380032 2304 2304 1.
1613656499331	Marionette	INFO	Listening on port 38517
1613656499433	Marionette	WARN	TLS certificate errors will be ignored for this session
JavaScript error: https://start.fedoraproject.org/, line 292: TypeError: $(...).uls is not a function
Sandbox: unsupported flags 2048 in fstatat(-100, "/home/akane86/.config/gtk-3.0/colors.css", 0x7F899B387880, 2304)
Sandbox: seccomp sandbox violation: pid 34385, tid 34439, syscall 262, args 4294967196 140229021532272 140228991416448 2304 2304 1.
Sandbox: unsupported flags 2048 in fstatat(-100, "/home/akane86/.config/gtk-3.0/colors.css", 0x7FDF992C5880, 2304)
Sandbox: seccomp sandbox violation: pid 34364, tid 34420, syscall 262, args 4294967196 140598328843040 140598324254848 2304 2304 1.
Sandbox: unsupported flags 2048 in fstatat(-100, "/home/akane86/.config/gtk-3.0/colors.css", 0x7FA2F31FD880, 2304)
Sandbox: seccomp sandbox violation: pid 34473, tid 34505, syscall 262, args 4294967196 140337845852768 140337840380032 2304 2304 1.
1613656507725	Marionette	INFO	Stopped listening on port 38517
JavaScript error: , line 0: uncaught exception: undefined
1613656585651	mozrunner::runner	INFO	Running command: "/usr/bin/firefox" "-marionette" "-foreground" "-no-remote" "-profile" "/tmp/rust_mozprofile.dYmm5AD7rmw1"
Sandbox: unsupported fd-relative fstatat(20, "", 0x7FFE42DC2E40, 4096)
Sandbox: seccomp sandbox violation: pid 34803, tid 34803, syscall 262, args 20 139743593233258 140730020146752 4096 4096 1.
Sandbox: unsupported fd-relative fstatat(20, "", 0x7FFE42DC2D30, 4096)
Sandbox: seccomp sandbox violation: pid 34803, tid 34803, syscall 262, args 20 139743593233258 140730020146480 4096 4096 1.
Sandbox: unsupported flags 2048 in fstatat(-100, "/home/akane86/.config/gtk-3.0/colors.css", 0x7F187A706880, 2304)
Sandbox: seccomp sandbox violation: pid 34803, tid 34853, syscall 262, args 4294967196 139743115430688 139743110129792 2304 2304 1.
Sandbox: unsupported fd-relative fstatat(20, "", 0x7FFC550DD1E0, 4096)
Sandbox: seccomp sandbox violation: pid 34824, tid 34824, syscall 262, args 20 140148866657130 140721735455200 4096 4096 1.
Sandbox: unsupported fd-relative fstatat(20, "", 0x7FFC550DD0D0, 4096)
Sandbox: seccomp sandbox violation: pid 34824, tid 34824, syscall 262, args 20 140148866657130 140721735454928 4096 4096 1.
Sandbox: unsupported flags 2048 in fstatat(-100, "/home/akane86/.config/gtk-3.0/colors.css", 0x7F76D69C5880, 2304)
Sandbox: seccomp sandbox violation: pid 34824, tid 34875, syscall 262, args 4294967196 140148411966224 140148383438976 2304 2304 1.
console.error: SearchCache: "_readCacheFile: Error reading cache file:" (new Error("", "(unknown module)"))
Sandbox: unsupported fd-relative fstatat(22, "", 0x7FFF86C229D0, 4096)
Sandbox: seccomp sandbox violation: pid 34909, tid 34909, syscall 262, args 22 140063772187498 140735454259664 4096 4096 1.
Sandbox: unsupported fd-relative fstatat(22, "", 0x7FFF86C228C0, 4096)
Sandbox: seccomp sandbox violation: pid 34909, tid 34909, syscall 262, args 22 140063772187498 140735454259392 4096 4096 1.
Sandbox: unsupported flags 2048 in fstatat(-100, "/home/akane86/.config/gtk-3.0/colors.css", 0x7F630693C880, 2304)
Sandbox: seccomp sandbox violation: pid 34909, tid 34938, syscall 262, args 4294967196 140063293894512 140063288838272 2304 2304 1.
1613656587801	Marionette	INFO	Listening on port 46577
1613656587859	Marionette	WARN	TLS certificate errors will be ignored for this session
JavaScript error: resource://gre/modules/URIFixup.jsm, line 271: NS_ERROR_FAILURE: Should pass a non-null uri
JavaScript error: https://start.fedoraproject.org/, line 292: TypeError: $(...).uls is not a function
Sandbox: unsupported flags 2048 in fstatat(-100, "/home/akane86/.config/gtk-3.0/colors.css", 0x7F76D69C5880, 2304)
Sandbox: seccomp sandbox violation: pid 34824, tid 34875, syscall 262, args 4294967196 140148411966224 140148383438976 2304 2304 1.
Sandbox: unsupported flags 2048 in fstatat(-100, "/home/akane86/.config/gtk-3.0/colors.css", 0x7F187A706880, 2304)
Sandbox: seccomp sandbox violation: pid 34803, tid 34853, syscall 262, args 4294967196 139743115430688 139743110129792 2304 2304 1.
Sandbox: unsupported flags 2048 in fstatat(-100, "/home/akane86/.config/gtk-3.0/colors.css", 0x7F630693C880, 2304)
Sandbox: seccomp sandbox violation: pid 34909, tid 34938, syscall 262, args 4294967196 140063293894512 140063288838272 2304 2304 1.
Sandbox: unsupported flags 2048 in fstatat(-100, "/home/akane86/.config/gtk-3.0/colors.css", 0x7F187A706880, 2304)
Sandbox: seccomp sandbox violation: pid 34803, tid 34853, syscall 262, args 4294967196 139743115430688 139743110129792 2304 2304 1.
Sandbox: unsupported flags 2048 in fstatat(-100, "/home/akane86/.config/gtk-3.0/colors.css", 0x7F76D69C5880, 2304)
Sandbox: seccomp sandbox violation: pid 34824, tid 34875, syscall 262, args 4294967196 140148411966224 140148383438976 2304 2304 1.
Sandbox: unsupported flags 2048 in fstatat(-100, "/home/akane86/.config/gtk-3.0/colors.css", 0x7F630693C880, 2304)
Sandbox: seccomp sandbox violation: pid 34909, tid 34938, syscall 262, args 4294967196 140063293894512 140063288838272 2304 2304 1.
Sandbox: unsupported flags 2048 in fstatat(-100, "/home/akane86/.config/gtk-3.0/colors.css", 0x7F187A706880, 2304)
Sandbox: seccomp sandbox violation: pid 34803, tid 34853, syscall 262, args 4294967196 139743115430688 139743110129792 2304 2304 1.
Sandbox: unsupported flags 2048 in fstatat(-100, "/home/akane86/.config/gtk-3.0/colors.css", 0x7F76D69C5880, 2304)
Sandbox: seccomp sandbox violation: pid 34824, tid 34875, syscall 262, args 4294967196 140148411966224 140148383438976 2304 2304 1.
Sandbox: unsupported flags 2048 in fstatat(-100, "/home/akane86/.config/gtk-3.0/colors.css", 0x7F630693C880, 2304)
Sandbox: seccomp sandbox violation: pid 34909, tid 34938, syscall 262, args 4294967196 140063293894512 140063288838272 2304 2304 1.
Sandbox: unsupported flags 2048 in fstatat(-100, "/home/akane86/.config/gtk-3.0/colors.css", 0x7F187A706880, 2304)
Sandbox: seccomp sandbox violation: pid 34803, tid 34853, syscall 262, args 4294967196 139743115430688 139743110129792 2304 2304 1.
Sandbox: unsupported flags 2048 in fstatat(-100, "/home/akane86/.config/gtk-3.0/colors.css", 0x7F76D69C5880, 2304)
Sandbox: seccomp sandbox violation: pid 34824, tid 34875, syscall 262, args 4294967196 140148411966224 140148383438976 2304 2304 1.
Sandbox: unsupported flags 2048 in fstatat(-100, "/home/akane86/.config/gtk-3.0/colors.css", 0x7F630693C880, 2304)
Sandbox: seccomp sandbox violation: pid 34909, tid 34938, syscall 262, args 4294967196 140063293894512 140063288838272 2304 2304 1.
Exiting due to channel error.
Exiting due to channel error.
[GFX1-]: Receive IPC close with reason=AbnormalShutdown
Exiting due to channel error.
Exiting due to channel error.
1613656623848	mozrunner::runner	INFO	Running command: "/usr/bin/firefox" "-marionette" "-foreground" "-no-remote" "-profile" "/tmp/rust_mozprofile.lp26BiYdfRbs"
Sandbox: unsupported fd-relative fstatat(25, "", 0x7FFCADA7BEA0, 4096)
Sandbox: seccomp sandbox violation: pid 35167, tid 35167, syscall 262, args 25 140272507726698 140723221937824 4096 4096 1.
Sandbox: unsupported fd-relative fstatat(25, "", 0x7FFCADA7BD90, 4096)
Sandbox: seccomp sandbox violation: pid 35167, tid 35167, syscall 262, args 25 140272507726698 140723221937552 4096 4096 1.
Sandbox: unsupported flags 2048 in fstatat(-100, "/home/akane86/.config/gtk-3.0/colors.css", 0x7F93A0306880, 2304)
Sandbox: seccomp sandbox violation: pid 35167, tid 35217, syscall 262, args 4294967196 140272029772528 140272024447104 2304 2304 1.
Sandbox: unsupported fd-relative fstatat(22, "", 0x7FFDC23AB830, 4096)
Sandbox: seccomp sandbox violation: pid 35188, tid 35188, syscall 262, args 22 140104044227434 140727862081584 4096 4096 1.
Sandbox: unsupported fd-relative fstatat(22, "", 0x7FFDC23AB720, 4096)
Sandbox: seccomp sandbox violation: pid 35188, tid 35188, syscall 262, args 22 140104044227434 140727862081312 4096 4096 1.
Sandbox: unsupported flags 2048 in fstatat(-100, "/home/akane86/.config/gtk-3.0/colors.css", 0x7F6C66FC5880, 2304)
Sandbox: seccomp sandbox violation: pid 35188, tid 35235, syscall 262, args 4294967196 140103566667984 140103561009280 2304 2304 1.
console.error: SearchCache: "_readCacheFile: Error reading cache file:" (new Error("", "(unknown module)"))
Sandbox: unsupported fd-relative fstatat(22, "", 0x7FFD4068A0C0, 4096)
Sandbox: seccomp sandbox violation: pid 35271, tid 35271, syscall 262, args 22 140320398936938 140725684052160 4096 4096 1.
Sandbox: unsupported fd-relative fstatat(22, "", 0x7FFD40689FB0, 4096)
Sandbox: seccomp sandbox violation: pid 35271, tid 35271, syscall 262, args 22 140320398936938 140725684051888 4096 4096 1.
Sandbox: unsupported flags 2048 in fstatat(-100, "/home/akane86/.config/gtk-3.0/colors.css", 0x7F9EC6BBB880, 2304)
Sandbox: seccomp sandbox violation: pid 35271, tid 35303, syscall 262, args 4294967196 140319920249488 140319915751552 2304 2304 1.
1613656626304	Marionette	INFO	Listening on port 40613
1613656626359	Marionette	WARN	TLS certificate errors will be ignored for this session
JavaScript error: https://start.fedoraproject.org/, line 292: TypeError: $(...).uls is not a function
Sandbox: unsupported flags 2048 in fstatat(-100, "/home/akane86/.config/gtk-3.0/colors.css", 0x7F6C66FC5880, 2304)
Sandbox: seccomp sandbox violation: pid 35188, tid 35235, syscall 262, args 4294967196 140103566667984 140103561009280 2304 2304 1.
Sandbox: unsupported flags 2048 in fstatat(-100, "/home/akane86/.config/gtk-3.0/colors.css", 0x7F93A0306880, 2304)
Sandbox: seccomp sandbox violation: pid 35167, tid 35217, syscall 262, args 4294967196 140272029772528 140272024447104 2304 2304 1.
Sandbox: unsupported flags 2048 in fstatat(-100, "/home/akane86/.config/gtk-3.0/colors.css", 0x7F9EC6BBB880, 2304)
Sandbox: seccomp sandbox violation: pid 35271, tid 35303, syscall 262, args 4294967196 140319920249488 140319915751552 2304 2304 1.
Sandbox: unsupported flags 2048 in fstatat(-100, "/home/akane86/.config/gtk-3.0/colors.css", 0x7F6C66FC5880, 2304)
Sandbox: seccomp sandbox violation: pid 35188, tid 35235, syscall 262, args 4294967196 140103566667984 140103561009280 2304 2304 1.
Sandbox: unsupported flags 2048 in fstatat(-100, "/home/akane86/.config/gtk-3.0/colors.css", 0x7F93A0306880, 2304)
Sandbox: seccomp sandbox violation: pid 35167, tid 35217, syscall 262, args 4294967196 140272029772528 140272024447104 2304 2304 1.
Sandbox: unsupported flags 2048 in fstatat(-100, "/home/akane86/.config/gtk-3.0/colors.css", 0x7F9EC6BBB880, 2304)
Sandbox: seccomp sandbox violation: pid 35271, tid 35303, syscall 262, args 4294967196 140319920249488 140319915751552 2304 2304 1.
Sandbox: unsupported flags 2048 in fstatat(-100, "/home/akane86/.config/gtk-3.0/colors.css", 0x7F93A0306880, 2304)
Sandbox: seccomp sandbox violation: pid 35167, tid 35217, syscall 262, args 4294967196 140272029772528 140272024447104 2304 2304 1.
Sandbox: unsupported flags 2048 in fstatat(-100, "/home/akane86/.config/gtk-3.0/colors.css", 0x7F6C66FC5880, 2304)
Sandbox: seccomp sandbox violation: pid 35188, tid 35235, syscall 262, args 4294967196 140103566667984 140103561009280 2304 2304 1.
Sandbox: unsupported flags 2048 in fstatat(-100, "/home/akane86/.config/gtk-3.0/colors.css", 0x7F9EC6BBB880, 2304)
Sandbox: seccomp sandbox violation: pid 35271, tid 35303, syscall 262, args 4294967196 140319920249488 140319915751552 2304 2304 1.
Sandbox: unsupported flags 2048 in fstatat(-100, "/home/akane86/.config/gtk-3.0/colors.css", 0x7F6C66FC5880, 2304)
Sandbox: seccomp sandbox violation: pid 35188, tid 35235, syscall 262, args 4294967196 140103566667984 140103561009280 2304 2304 1.
Sandbox: unsupported flags 2048 in fstatat(-100, "/home/akane86/.config/gtk-3.0/colors.css", 0x7F93A0306880, 2304)
Sandbox: seccomp sandbox violation: pid 35167, tid 35217, syscall 262, args 4294967196 140272029772528 140272024447104 2304 2304 1.
Sandbox: unsupported flags 2048 in fstatat(-100, "/home/akane86/.config/gtk-3.0/colors.css", 0x7F9EC6BBB880, 2304)
Sandbox: seccomp sandbox violation: pid 35271, tid 35303, syscall 262, args 4294967196 140319920249488 140319915751552 2304 2304 1.
Sandbox: unsupported flags 2048 in fstatat(-100, "/home/akane86/.config/gtk-3.0/colors.css", 0x7F93A0306880, 2304)
Sandbox: seccomp sandbox violation: pid 35167, tid 35217, syscall 262, args 4294967196 140272029772528 140272024447104 2304 2304 1.
Sandbox: unsupported flags 2048 in fstatat(-100, "/home/akane86/.config/gtk-3.0/colors.css", 0x7F6C66FC5880, 2304)
Sandbox: seccomp sandbox violation: pid 35188, tid 35235, syscall 262, args 4294967196 140103566667984 140103561009280 2304 2304 1.
Sandbox: unsupported flags 2048 in fstatat(-100, "/home/akane86/.config/gtk-3.0/colors.css", 0x7F9EC6BBB880, 2304)
Sandbox: seccomp sandbox violation: pid 35271, tid 35303, syscall 262, args 4294967196 140319920249488 140319915751552 2304 2304 1.
Sandbox: unsupported flags 2048 in fstatat(-100, "/home/akane86/.config/gtk-3.0/colors.css", 0x7F6C66FC5880, 2304)
Sandbox: seccomp sandbox violation: pid 35188, tid 35235, syscall 262, args 4294967196 140103566667984 140103561009280 2304 2304 1.
Sandbox: unsupported flags 2048 in fstatat(-100, "/home/akane86/.config/gtk-3.0/colors.css", 0x7F93A0306880, 2304)
Sandbox: seccomp sandbox violation: pid 35167, tid 35217, syscall 262, args 4294967196 140272029772528 140272024447104 2304 2304 1.
Sandbox: unsupported flags 2048 in fstatat(-100, "/home/akane86/.config/gtk-3.0/colors.css", 0x7F9EC6BBB880, 2304)
Sandbox: seccomp sandbox violation: pid 35271, tid 35303, syscall 262, args 4294967196 140319920249488 140319915751552 2304 2304 1.
Sandbox: unsupported flags 2048 in fstatat(-100, "/home/akane86/.config/gtk-3.0/colors.css", 0x7F6C66FC5880, 2304)
Sandbox: seccomp sandbox violation: pid 35188, tid 35235, syscall 262, args 4294967196 140103566667984 140103561009280 2304 2304 1.
Sandbox: unsupported flags 2048 in fstatat(-100, "/home/akane86/.config/gtk-3.0/colors.css", 0x7F93A0306880, 2304)
Sandbox: seccomp sandbox violation: pid 35167, tid 35217, syscall 262, args 4294967196 140272029772528 140272024447104 2304 2304 1.
Sandbox: unsupported flags 2048 in fstatat(-100, "/home/akane86/.config/gtk-3.0/colors.css", 0x7F9EC6BBB880, 2304)
Sandbox: seccomp sandbox violation: pid 35271, tid 35303, syscall 262, args 4294967196 140319920249488 140319915751552 2304 2304 1.
Sandbox: unsupported flags 2048 in fstatat(-100, "/home/akane86/.config/gtk-3.0/colors.css", 0x7F93A0306880, 2304)
Sandbox: seccomp sandbox violation: pid 35167, tid 35217, syscall 262, args 4294967196 140272029772528 140272024447104 2304 2304 1.
Sandbox: unsupported flags 2048 in fstatat(-100, "/home/akane86/.config/gtk-3.0/colors.css", 0x7F6C66FC5880, 2304)
Sandbox: seccomp sandbox violation: pid 35188, tid 35235, syscall 262, args 4294967196 140103566667984 140103561009280 2304 2304 1.
Sandbox: unsupported flags 2048 in fstatat(-100, "/home/akane86/.config/gtk-3.0/colors.css", 0x7F9EC6BBB880, 2304)
Sandbox: seccomp sandbox violation: pid 35271, tid 35303, syscall 262, args 4294967196 140319920249488 140319915751552 2304 2304 1.
Sandbox: unsupported flags 2048 in fstatat(-100, "/home/akane86/.config/gtk-3.0/colors.css", 0x7F6C66FC5880, 2304)
Sandbox: unsupported flags 2048 in fstatat(-100, "/home/akane86/.config/gtk-3.0/colors.css", 0x7F93A0306880, 2304)
Sandbox: seccomp sandbox violation: pid 35188, tid 35235, syscall 262, args 4294967196 140103566667984 140103561009280 2304 2304 1.
Sandbox: seccomp sandbox violation: pid 35167, tid 35217, syscall 262, args 4294967196 140272029772528 140272024447104 2304 2304 1.
Sandbox: unsupported flags 2048 in fstatat(-100, "/home/akane86/.config/gtk-3.0/colors.css", 0x7F9EC6BBB880, 2304)
Sandbox: seccomp sandbox violation: pid 35271, tid 35303, syscall 262, args 4294967196 140319920249488 140319915751552 2304 2304 1.
Sandbox: unsupported flags 2048 in fstatat(-100, "/home/akane86/.config/gtk-3.0/colors.css", 0x7F93A0306880, 2304)
Sandbox: seccomp sandbox violation: pid 35167, tid 35217, syscall 262, args 4294967196 140272029772528 140272024447104 2304 2304 1.
Sandbox: unsupported flags 2048 in fstatat(-100, "/home/akane86/.config/gtk-3.0/colors.css", 0x7F6C66FC5880, 2304)
Sandbox: seccomp sandbox violation: pid 35188, tid 35235, syscall 262, args 4294967196 140103566667984 140103561009280 2304 2304 1.
Sandbox: unsupported flags 2048 in fstatat(-100, "/home/akane86/.config/gtk-3.0/colors.css", 0x7F9EC6BBB880, 2304)
Sandbox: seccomp sandbox violation: pid 35271, tid 35303, syscall 262, args 4294967196 140319920249488 140319915751552 2304 2304 1.
Sandbox: unsupported flags 2048 in fstatat(-100, "/home/akane86/.config/gtk-3.0/colors.css", 0x7F93A0306880, 2304)
Sandbox: seccomp sandbox violation: pid 35167, tid 35217, syscall 262, args 4294967196 140272029772528 140272024447104 2304 2304 1.
Sandbox: unsupported flags 2048 in fstatat(-100, "/home/akane86/.config/gtk-3.0/colors.css", 0x7F6C66FC5880, 2304)
Sandbox: seccomp sandbox violation: pid 35188, tid 35235, syscall 262, args 4294967196 140103566667984 140103561009280 2304 2304 1.
Sandbox: unsupported flags 2048 in fstatat(-100, "/home/akane86/.config/gtk-3.0/colors.css", 0x7F9EC6BBB880, 2304)
Sandbox: seccomp sandbox violation: pid 35271, tid 35303, syscall 262, args 4294967196 140319920249488 140319915751552 2304 2304 1.
Sandbox: unsupported flags 2048 in fstatat(-100, "/home/akane86/.config/gtk-3.0/colors.css", 0x7F93A0306880, 2304)
Sandbox: seccomp sandbox violation: pid 35167, tid 35217, syscall 262, args 4294967196 140272029772528 140272024447104 2304 2304 1.
Sandbox: unsupported flags 2048 in fstatat(-100, "/home/akane86/.config/gtk-3.0/colors.css", 0x7F6C66FC5880, 2304)
Sandbox: seccomp sandbox violation: pid 35188, tid 35235, syscall 262, args 4294967196 140103566667984 140103561009280 2304 2304 1.
Sandbox: unsupported flags 2048 in fstatat(-100, "/home/akane86/.config/gtk-3.0/colors.css", 0x7F9EC6BBB880, 2304)
Sandbox: seccomp sandbox violation: pid 35271, tid 35303, syscall 262, args 4294967196 140319920249488 140319915751552 2304 2304 1.
Sandbox: unsupported flags 2048 in fstatat(-100, "/home/akane86/.config/gtk-3.0/colors.css", 0x7F93A0306880, 2304)
Sandbox: seccomp sandbox violation: pid 35167, tid 35217, syscall 262, args 4294967196 140272029772528 140272024447104 2304 2304 1.
Sandbox: unsupported flags 2048 in fstatat(-100, "/home/akane86/.config/gtk-3.0/colors.css", 0x7F6C66FC5880, 2304)
Sandbox: seccomp sandbox violation: pid 35188, tid 35235, syscall 262, args 4294967196 140103566667984 140103561009280 2304 2304 1.
Sandbox: unsupported flags 2048 in fstatat(-100, "/home/akane86/.config/gtk-3.0/colors.css", 0x7F9EC6BBB880, 2304)
Sandbox: seccomp sandbox violation: pid 35271, tid 35303, syscall 262, args 4294967196 140319920249488 140319915751552 2304 2304 1.
Sandbox: unsupported flags 2048 in fstatat(-100, "/home/akane86/.config/gtk-3.0/colors.css", 0x7F93A0306880, 2304)
Sandbox: seccomp sandbox violation: pid 35167, tid 35217, syscall 262, args 4294967196 140272029772528 140272024447104 2304 2304 1.
Sandbox: unsupported flags 2048 in fstatat(-100, "/home/akane86/.config/gtk-3.0/colors.css", 0x7F6C66FC5880, 2304)
Sandbox: seccomp sandbox violation: pid 35188, tid 35235, syscall 262, args 4294967196 140103566667984 140103561009280 2304 2304 1.

###!!! [Child][MessageChannel] Error: (msgtype=0x5B0011,name=PHttpChannel::Msg___delete__) Channel closing: too late to send/recv, messages will be lost


###!!! [Child][MessageChannel] Error: (msgtype=0x6B0029,name=PNecko::Msg_RemoveRequestContext) Channel closing: too late to send/recv, messages will be lost

1613656699511	Marionette	INFO	Stopped listening on port 40613
1613656706417	mozrunner::runner	INFO	Running command: "/usr/bin/firefox" "-marionette" "-foreground" "-no-remote" "-profile" "/tmp/rust_mozprofile.6el7kKocCP6B"
Sandbox: unsupported fd-relative fstatat(22, "", 0x7FFFAF832360, 4096)
Sandbox: seccomp sandbox violation: pid 35600, tid 35600, syscall 262, args 22 140264063302506 140736137995104 4096 4096 1.
Sandbox: unsupported fd-relative fstatat(22, "", 0x7FFFAF832250, 4096)
Sandbox: seccomp sandbox violation: pid 35600, tid 35600, syscall 262, args 22 140264063302506 140736137994832 4096 4096 1.
Sandbox: unsupported flags 2048 in fstatat(-100, "/home/akane86/.config/gtk-3.0/colors.css", 0x7F91A8DC5880, 2304)
Sandbox: seccomp sandbox violation: pid 35600, tid 35652, syscall 262, args 4294967196 140263584492464 140263579998336 2304 2304 1.
Sandbox: unsupported fd-relative fstatat(22, "", 0x7FFD2ACF8FA0, 4096)
Sandbox: seccomp sandbox violation: pid 35622, tid 35622, syscall 262, args 22 139980218899306 140725321699232 4096 4096 1.
Sandbox: unsupported fd-relative fstatat(22, "", 0x7FFD2ACF8E90, 4096)
Sandbox: seccomp sandbox violation: pid 35622, tid 35622, syscall 262, args 22 139980218899306 140725321698960 4096 4096 1.
Sandbox: unsupported flags 2048 in fstatat(-100, "/home/akane86/.config/gtk-3.0/colors.css", 0x7F4F926C5880, 2304)
Sandbox: seccomp sandbox violation: pid 35622, tid 35669, syscall 262, args 4294967196 139979740184832 139979735718016 2304 2304 1.
console.error: SearchCache: "_readCacheFile: Error reading cache file:" (new Error("", "(unknown module)"))
Sandbox: unsupported fd-relative fstatat(22, "", 0x7FFD9572EA80, 4096)
Sandbox: seccomp sandbox violation: pid 35706, tid 35706, syscall 262, args 22 139956640103274 140727110789760 4096 4096 1.
Sandbox: unsupported fd-relative fstatat(22, "", 0x7FFD9572E970, 4096)
Sandbox: seccomp sandbox violation: pid 35706, tid 35706, syscall 262, args 22 139956640103274 140727110789488 4096 4096 1.
Sandbox: unsupported flags 2048 in fstatat(-100, "/home/akane86/.config/gtk-3.0/colors.css", 0x7F4A1503D880, 2304)
Sandbox: seccomp sandbox violation: pid 35706, tid 35734, syscall 262, args 4294967196 139956161895152 139956156881024 2304 2304 1.
1613656708817	Marionette	INFO	Listening on port 34773
1613656708859	Marionette	WARN	TLS certificate errors will be ignored for this session
JavaScript error: https://start.fedoraproject.org/, line 292: TypeError: $(...).uls is not a function
Sandbox: unsupported flags 2048 in fstatat(-100, "/home/akane86/.config/gtk-3.0/colors.css", 0x7F4F926C5880, 2304)
Sandbox: seccomp sandbox violation: pid 35622, tid 35669, syscall 262, args 4294967196 139979740184832 139979735718016 2304 2304 1.
Sandbox: unsupported flags 2048 in fstatat(-100, "/home/akane86/.config/gtk-3.0/colors.css", 0x7F91A8DC5880, 2304)
Sandbox: seccomp sandbox violation: pid 35600, tid 35652, syscall 262, args 4294967196 140263584492464 140263579998336 2304 2304 1.
Sandbox: unsupported flags 2048 in fstatat(-100, "/home/akane86/.config/gtk-3.0/colors.css", 0x7F4A1503D880, 2304)
Sandbox: seccomp sandbox violation: pid 35706, tid 35734, syscall 262, args 4294967196 139956161895152 139956156881024 2304 2304 1.
Sandbox: unsupported flags 2048 in fstatat(-100, "/home/akane86/.config/gtk-3.0/colors.css", 0x7F4F926C5880, 2304)
Sandbox: seccomp sandbox violation: pid 35622, tid 35669, syscall 262, args 4294967196 139979740184832 139979735718016 2304 2304 1.
Sandbox: unsupported flags 2048 in fstatat(-100, "/home/akane86/.config/gtk-3.0/colors.css", 0x7F91A8DC5880, 2304)
Sandbox: seccomp sandbox violation: pid 35600, tid 35652, syscall 262, args 4294967196 140263584492464 140263579998336 2304 2304 1.
Sandbox: unsupported flags 2048 in fstatat(-100, "/home/akane86/.config/gtk-3.0/colors.css", 0x7F4A1503D880, 2304)
Sandbox: seccomp sandbox violation: pid 35706, tid 35734, syscall 262, args 4294967196 139956161895152 139956156881024 2304 2304 1.
Sandbox: unsupported fd-relative fstatat(31, "", 0x7FFE43AE8DF0, 4096)
Sandbox: seccomp sandbox violation: pid 35740, tid 35740, syscall 262, args 31 139758100392810 140730033933808 4096 4096 1.
Sandbox: unsupported fd-relative fstatat(31, "", 0x7FFE43AE8CE0, 4096)
Sandbox: seccomp sandbox violation: pid 35740, tid 35740, syscall 262, args 31 139758100392810 140730033933536 4096 4096 1.
Sandbox: unsupported flags 2048 in fstatat(-100, "/home/akane86/.config/gtk-3.0/colors.css", 0x7F1BDB1FC880, 2304)
Sandbox: seccomp sandbox violation: pid 35740, tid 35836, syscall 262, args 4294967196 139757623698192 139757617137792 2304 2304 1.
Sandbox: unsupported flags 2048 in fstatat(-100, "/home/akane86/.config/gtk-3.0/colors.css", 0x7F91A8DC5880, 2304)
Sandbox: seccomp sandbox violation: pid 35600, tid 35652, syscall 262, args 4294967196 140263584492464 140263579998336 2304 2304 1.
Sandbox: unsupported flags 2048 in fstatat(-100, "/home/akane86/.config/gtk-3.0/colors.css", 0x7F4F926C5880, 2304)
Sandbox: seccomp sandbox violation: pid 35622, tid 35669, syscall 262, args 4294967196 139979740184832 139979735718016 2304 2304 1.
Sandbox: unsupported flags 2048 in fstatat(-100, "/home/akane86/.config/gtk-3.0/colors.css", 0x7F4A1503D880, 2304)
Sandbox: seccomp sandbox violation: pid 35706, tid 35734, syscall 262, args 4294967196 139956161895152 139956156881024 2304 2304 1.
Sandbox: unsupported flags 2048 in fstatat(-100, "/home/akane86/.config/gtk-3.0/colors.css", 0x7F1BDB1FC880, 2304)
Sandbox: seccomp sandbox violation: pid 35740, tid 35836, syscall 262, args 4294967196 139757623698192 139757617137792 2304 2304 1.
Sandbox: unsupported flags 2048 in fstatat(-100, "/home/akane86/.config/gtk-3.0/colors.css", 0x7F91A8DC5880, 2304)
Sandbox: unsupported flags 2048 in fstatat(-100, "/home/akane86/.config/gtk-3.0/colors.css", 0x7F4F926C5880, 2304)
Sandbox: seccomp sandbox violation: pid 35600, tid 35652, syscall 262, args 4294967196 140263584492464 140263579998336 2304 2304 1.
Sandbox: seccomp sandbox violation: pid 35622, tid 35669, syscall 262, args 4294967196 139979740184832 139979735718016 2304 2304 1.
Sandbox: unsupported flags 2048 in fstatat(-100, "/home/akane86/.config/gtk-3.0/colors.css", 0x7F4A1503D880, 2304)
Sandbox: seccomp sandbox violation: pid 35706, tid 35734, syscall 262, args 4294967196 139956161895152 139956156881024 2304 2304 1.
Sandbox: unsupported flags 2048 in fstatat(-100, "/home/akane86/.config/gtk-3.0/colors.css", 0x7F1BDB1FC880, 2304)
Sandbox: seccomp sandbox violation: pid 35740, tid 35836, syscall 262, args 4294967196 139757623698192 139757617137792 2304 2304 1.
Sandbox: unsupported flags 2048 in fstatat(-100, "/home/akane86/.config/gtk-3.0/colors.css", 0x7F91A8DC5880, 2304)
Sandbox: seccomp sandbox violation: pid 35600, tid 35652, syscall 262, args 4294967196 140263584492464 140263579998336 2304 2304 1.
Sandbox: unsupported flags 2048 in fstatat(-100, "/home/akane86/.config/gtk-3.0/colors.css", 0x7F4F926C5880, 2304)
Sandbox: seccomp sandbox violation: pid 35622, tid 35669, syscall 262, args 4294967196 139979740184832 139979735718016 2304 2304 1.
Sandbox: unsupported flags 2048 in fstatat(-100, "/home/akane86/.config/gtk-3.0/colors.css", 0x7F4A1503D880, 2304)
Sandbox: seccomp sandbox violation: pid 35706, tid 35734, syscall 262, args 4294967196 139956161895152 139956156881024 2304 2304 1.
Sandbox: unsupported flags 2048 in fstatat(-100, "/home/akane86/.config/gtk-3.0/colors.css", 0x7F1BDB1FC880, 2304)
Sandbox: seccomp sandbox violation: pid 35740, tid 35836, syscall 262, args 4294967196 139757623698192 139757617137792 2304 2304 1.
Sandbox: unsupported flags 2048 in fstatat(-100, "/home/akane86/.config/gtk-3.0/colors.css", 0x7F4F926C5880, 2304)
Sandbox: seccomp sandbox violation: pid 35622, tid 35669, syscall 262, args 4294967196 139979740184832 139979735718016 2304 2304 1.
Sandbox: unsupported flags 2048 in fstatat(-100, "/home/akane86/.config/gtk-3.0/colors.css", 0x7F91A8DC5880, 2304)
Sandbox: seccomp sandbox violation: pid 35600, tid 35652, syscall 262, args 4294967196 140263584492464 140263579998336 2304 2304 1.
Sandbox: unsupported flags 2048 in fstatat(-100, "/home/akane86/.config/gtk-3.0/colors.css", 0x7F4A1503D880, 2304)
Sandbox: seccomp sandbox violation: pid 35706, tid 35734, syscall 262, args 4294967196 139956161895152 139956156881024 2304 2304 1.
JavaScript warning: moz-extension://73797e67-c5af-4460-8734-0c86538f6646/lib/filter/antibanner.js, line 1158: unreachable code after return statement
Sandbox: unsupported fd-relative fstatat(28, "", 0x7FFD07DA1EE0, 4096)
Sandbox: seccomp sandbox violation: pid 35834, tid 35834, syscall 262, args 28 140626364824426 140724735188704 4096 4096 1.
Sandbox: unsupported fd-relative fstatat(28, "", 0x7FFD07DA1DD0, 4096)
Sandbox: seccomp sandbox violation: pid 35834, tid 35834, syscall 262, args 28 140626364824426 140724735188432 4096 4096 1.
Sandbox: unsupported flags 2048 in fstatat(-100, "/home/akane86/.config/gtk-3.0/colors.css", 0x7FE603AF7880, 2304)
Sandbox: seccomp sandbox violation: pid 35834, tid 35926, syscall 262, args 4294967196 140625883936272 140625881036928 2304 2304 1.
Sandbox: unsupported flags 2048 in fstatat(-100, "/home/akane86/.config/gtk-3.0/colors.css", 0x7F1BDB1FC880, 2304)
Sandbox: seccomp sandbox violation: pid 35740, tid 35836, syscall 262, args 4294967196 139757623698192 139757617137792 2304 2304 1.
JavaScript error: moz-extension://73797e67-c5af-4460-8734-0c86538f6646/lib/ui-service.js, line 231: Error: Could not establish connection. Receiving end does not exist.
JavaScript error: moz-extension://73797e67-c5af-4460-8734-0c86538f6646/lib/ui-service.js, line 231: Error: Could not establish connection. Receiving end does not exist.
JavaScript error: resource://gre/modules/ConduitsChild.jsm, line 108: Error: sendRemoveListener on closed conduit adblockultimate@adblockultimate.net.274877907086
JavaScript warning: moz-extension://73797e67-c5af-4460-8734-0c86538f6646/lib/filter/antibanner.js, line 1158: unreachable code after return statement
JavaScript error: moz-extension://73797e67-c5af-4460-8734-0c86538f6646/lib/ui-service.js, line 231: Error: Could not establish connection. Receiving end does not exist.
Sandbox: unsupported flags 2048 in fstatat(-100, "/home/akane86/.config/gtk-3.0/colors.css", 0x7F4F926C5880, 2304)
Sandbox: seccomp sandbox violation: pid 35622, tid 35669, syscall 262, args 4294967196 139979740184832 139979735718016 2304 2304 1.
Sandbox: unsupported flags 2048 in fstatat(-100, "/home/akane86/.config/gtk-3.0/colors.css", 0x7F91A8DC5880, 2304)
Sandbox: seccomp sandbox violation: pid 35600, tid 35652, syscall 262, args 4294967196 140263584492464 140263579998336 2304 2304 1.
Sandbox: unsupported flags 2048 in fstatat(-100, "/home/akane86/.config/gtk-3.0/colors.css", 0x7F4A1503D880, 2304)
Sandbox: seccomp sandbox violation: pid 35706, tid 35734, syscall 262, args 4294967196 139956161895152 139956156881024 2304 2304 1.
Sandbox: unsupported flags 2048 in fstatat(-100, "/home/akane86/.config/gtk-3.0/colors.css", 0x7FE603AF7880, 2304)
Sandbox: seccomp sandbox violation: pid 35834, tid 35926, syscall 262, args 4294967196 140625883936272 140625881036928 2304 2304 1.
Sandbox: unsupported flags 2048 in fstatat(-100, "/home/akane86/.config/gtk-3.0/colors.css", 0x7F1BDB1FC880, 2304)
Sandbox: seccomp sandbox violation: pid 35740, tid 35836, syscall 262, args 4294967196 139757623698192 139757617137792 2304 2304 1.
Sandbox: unsupported flags 2048 in fstatat(-100, "/home/akane86/.config/gtk-3.0/colors.css", 0x7F4F926C5880, 2304)
Sandbox: seccomp sandbox violation: pid 35622, tid 35669, syscall 262, args 4294967196 139979740184832 139979735718016 2304 2304 1.
Sandbox: unsupported flags 2048 in fstatat(-100, "/home/akane86/.config/gtk-3.0/colors.css", 0x7F91A8DC5880, 2304)
Sandbox: seccomp sandbox violation: pid 35600, tid 35652, syscall 262, args 4294967196 140263584492464 140263579998336 2304 2304 1.
Sandbox: unsupported flags 2048 in fstatat(-100, "/home/akane86/.config/gtk-3.0/colors.css", 0x7F4A1503D880, 2304)
Sandbox: seccomp sandbox violation: pid 35706, tid 35734, syscall 262, args 4294967196 139956161895152 139956156881024 2304 2304 1.
JavaScript error: moz-extension://73797e67-c5af-4460-8734-0c86538f6646/lib/ui-service.js, line 231: Error: Could not establish connection. Receiving end does not exist.
JavaScript error: moz-extension://73797e67-c5af-4460-8734-0c86538f6646/lib/ui-service.js, line 231: Error: Could not establish connection. Receiving end does not exist.
Sandbox: unsupported flags 2048 in fstatat(-100, "/home/akane86/.config/gtk-3.0/colors.css", 0x7F1BDB1FC880, 2304)
Sandbox: seccomp sandbox violation: pid 35740, tid 35836, syscall 262, args 4294967196 139757623698192 139757617137792 2304 2304 1.
JavaScript error: moz-extension://73797e67-c5af-4460-8734-0c86538f6646/lib/ui-service.js, line 231: Error: Could not establish connection. Receiving end does not exist.
Sandbox: unsupported flags 2048 in fstatat(-100, "/home/akane86/.config/gtk-3.0/colors.css", 0x7F91A8DC5880, 2304)
Sandbox: seccomp sandbox violation: pid 35600, tid 35652, syscall 262, args 4294967196 140263584492464 140263579998336 2304 2304 1.
Sandbox: unsupported flags 2048 in fstatat(-100, "/home/akane86/.config/gtk-3.0/colors.css", 0x7F4F926C5880, 2304)
Sandbox: seccomp sandbox violation: pid 35622, tid 35669, syscall 262, args 4294967196 139979740184832 139979735718016 2304 2304 1.
Sandbox: unsupported flags 2048 in fstatat(-100, "/home/akane86/.config/gtk-3.0/colors.css", 0x7F4A1503D880, 2304)
Sandbox: seccomp sandbox violation: pid 35706, tid 35734, syscall 262, args 4294967196 139956161895152 139956156881024 2304 2304 1.
Sandbox: unsupported flags 2048 in fstatat(-100, "/home/akane86/.config/gtk-3.0/colors.css", 0x7F1BDB1FC880, 2304)
Sandbox: seccomp sandbox violation: pid 35740, tid 35836, syscall 262, args 4294967196 139757623698192 139757617137792 2304 2304 1.
Sandbox: unsupported flags 2048 in fstatat(-100, "/home/akane86/.config/gtk-3.0/colors.css", 0x7F4F926C5880, 2304)
Sandbox: unsupported flags 2048 in fstatat(-100, "/home/akane86/.config/gtk-3.0/colors.css", 0x7F91A8DC5880, 2304)
Sandbox: seccomp sandbox violation: pid 35622, tid 35669, syscall 262, args 4294967196 139979740184832 139979735718016 2304 2304 1.
Sandbox: seccomp sandbox violation: pid 35600, tid 35652, syscall 262, args 4294967196 140263584492464 140263579998336 2304 2304 1.
Sandbox: unsupported flags 2048 in fstatat(-100, "/home/akane86/.config/gtk-3.0/colors.css", 0x7F4A1503D880, 2304)
Sandbox: seccomp sandbox violation: pid 35706, tid 35734, syscall 262, args 4294967196 139956161895152 139956156881024 2304 2304 1.
Sandbox: unsupported flags 2048 in fstatat(-100, "/home/akane86/.config/gtk-3.0/colors.css", 0x7F1BDB1FC880, 2304)
Sandbox: seccomp sandbox violation: pid 35740, tid 35836, syscall 262, args 4294967196 139757623698192 139757617137792 2304 2304 1.
JavaScript error: resource:///actors/LinkHandlerParent.jsm, line 46: TypeError: tab is undefined
JavaScript error: resource:///actors/LinkHandlerParent.jsm, line 46: TypeError: tab is undefined
Sandbox: unsupported flags 2048 in fstatat(-100, "/home/akane86/.config/gtk-3.0/colors.css", 0x7F91A8DC5880, 2304)
Sandbox: seccomp sandbox violation: pid 35600, tid 35652, syscall 262, args 4294967196 140263584492464 140263579998336 2304 2304 1.
Sandbox: unsupported flags 2048 in fstatat(-100, "/home/akane86/.config/gtk-3.0/colors.css", 0x7F4F926C5880, 2304)
Sandbox: seccomp sandbox violation: pid 35622, tid 35669, syscall 262, args 4294967196 139979740184832 139979735718016 2304 2304 1.
Sandbox: unsupported flags 2048 in fstatat(-100, "/home/akane86/.config/gtk-3.0/colors.css", 0x7F4A1503D880, 2304)
Sandbox: seccomp sandbox violation: pid 35706, tid 35734, syscall 262, args 4294967196 139956161895152 139956156881024 2304 2304 1.
JavaScript error: resource://gre/modules/ConduitsChild.jsm, line 108: Error: sendRemoveListener on closed conduit adblockultimate@adblockultimate.net.274877907137
1613656765807	Marionette	INFO	Stopped listening on port 34773
1613656768478	mozrunner::runner	INFO	Running command: "/usr/bin/firefox" "-marionette" "-foreground" "-no-remote" "-profile" "/tmp/rust_mozprofile.YTGKw42yQy2T"
Sandbox: unsupported fd-relative fstatat(25, "", 0x7FFF7B2642E0, 4096)
Sandbox: seccomp sandbox violation: pid 36151, tid 36151, syscall 262, args 25 140330357169002 140735259493088 4096 4096 1.
Sandbox: unsupported fd-relative fstatat(25, "", 0x7FFF7B2641D0, 4096)
Sandbox: seccomp sandbox violation: pid 36151, tid 36151, syscall 262, args 25 140330357169002 140735259492816 4096 4096 1.
Sandbox: unsupported flags 2048 in fstatat(-100, "/home/akane86/.config/gtk-3.0/colors.css", 0x7FA118487880, 2304)
Sandbox: seccomp sandbox violation: pid 36151, tid 36201, syscall 262, args 4294967196 140329879792416 140329873864832 2304 2304 1.
Sandbox: unsupported fd-relative fstatat(28, "", 0x7FFEBF4C85C0, 4096)
Sandbox: seccomp sandbox violation: pid 36172, tid 36172, syscall 262, args 28 139698835110762 140732107883968 4096 4096 1.
Sandbox: unsupported fd-relative fstatat(28, "", 0x7FFEBF4C84B0, 4096)
Sandbox: seccomp sandbox violation: pid 36172, tid 36172, syscall 262, args 28 139698835110762 140732107883696 4096 4096 1.
Sandbox: unsupported flags 2048 in fstatat(-100, "/home/akane86/.config/gtk-3.0/colors.css", 0x7F0E0EA46880, 2304)
Sandbox: seccomp sandbox violation: pid 36172, tid 36218, syscall 262, args 4294967196 139698380980176 139698351925376 2304 2304 1.
console.error: SearchCache: "_readCacheFile: Error reading cache file:" (new Error("", "(unknown module)"))
Sandbox: unsupported fd-relative fstatat(20, "", 0x7FFDE90A21D0, 4096)
Sandbox: seccomp sandbox violation: pid 36252, tid 36252, syscall 262, args 20 140615976237930 140728513208784 4096 4096 1.
Sandbox: unsupported fd-relative fstatat(20, "", 0x7FFDE90A20C0, 4096)
Sandbox: seccomp sandbox violation: pid 36252, tid 36252, syscall 262, args 20 140615976237930 140728513208512 4096 4096 1.
Sandbox: unsupported flags 2048 in fstatat(-100, "/home/akane86/.config/gtk-3.0/colors.css", 0x7FE39883D880, 2304)
Sandbox: seccomp sandbox violation: pid 36252, tid 36284, syscall 262, args 4294967196 140615523519168 140615493081216 2304 2304 1.
1613656770855	Marionette	INFO	Listening on port 33129
1613656770887	Marionette	WARN	TLS certificate errors will be ignored for this session
Sandbox: unsupported flags 2048 in fstatat(-100, "/home/akane86/.config/gtk-3.0/colors.css", 0x7F0E0EA46880, 2304)
Sandbox: seccomp sandbox violation: pid 36172, tid 36218, syscall 262, args 4294967196 139698380980176 139698351925376 2304 2304 1.
Sandbox: unsupported flags 2048 in fstatat(-100, "/home/akane86/.config/gtk-3.0/colors.css", 0x7FA118487880, 2304)
Sandbox: seccomp sandbox violation: pid 36151, tid 36201, syscall 262, args 4294967196 140329879792416 140329873864832 2304 2304 1.
JavaScript error: https://start.fedoraproject.org/, line 292: TypeError: $(...).uls is not a function
Sandbox: unsupported flags 2048 in fstatat(-100, "/home/akane86/.config/gtk-3.0/colors.css", 0x7FE39883D880, 2304)
Sandbox: seccomp sandbox violation: pid 36252, tid 36284, syscall 262, args 4294967196 140615523519168 140615493081216 2304 2304 1.
JavaScript error: resource://gre/actors/AutoCompleteChild.jsm, line 235: Error: Invalid autocomplete selectedIndex
Sandbox: unsupported fd-relative fstatat(27, "", 0x7FFF974E4EB0, 4096)
Sandbox: seccomp sandbox violation: pid 36286, tid 36286, syscall 262, args 27 140456778283882 140735731879600 4096 4096 1.
Sandbox: unsupported fd-relative fstatat(27, "", 0x7FFF974E4DA0, 4096)
Sandbox: seccomp sandbox violation: pid 36286, tid 36286, syscall 262, args 27 140456778283882 140735731879328 4096 4096 1.
Sandbox: unsupported flags 2048 in fstatat(-100, "/home/akane86/.config/gtk-3.0/colors.css", 0x7FBE8793C880, 2304)
Sandbox: seccomp sandbox violation: pid 36286, tid 36346, syscall 262, args 4294967196 140456297780128 140456295123072 2304 2304 1.
Sandbox: unsupported flags 2048 in fstatat(-100, "/home/akane86/.config/gtk-3.0/colors.css", 0x7F0E0EA46880, 2304)
Sandbox: seccomp sandbox violation: pid 36172, tid 36218, syscall 262, args 4294967196 139698380980176 139698351925376 2304 2304 1.
Sandbox: unsupported flags 2048 in fstatat(-100, "/home/akane86/.config/gtk-3.0/colors.css", 0x7FA118487880, 2304)
Sandbox: seccomp sandbox violation: pid 36151, tid 36201, syscall 262, args 4294967196 140329879792416 140329873864832 2304 2304 1.
Sandbox: unsupported flags 2048 in fstatat(-100, "/home/akane86/.config/gtk-3.0/colors.css", 0x7FE39883D880, 2304)
Sandbox: seccomp sandbox violation: pid 36252, tid 36284, syscall 262, args 4294967196 140615523519168 140615493081216 2304 2304 1.
Sandbox: unsupported flags 2048 in fstatat(-100, "/home/akane86/.config/gtk-3.0/colors.css", 0x7F0E0EA46880, 2304)
Sandbox: unsupported flags 2048 in fstatat(-100, "/home/akane86/.config/gtk-3.0/colors.css", 0x7FA118487880, 2304)
Sandbox: seccomp sandbox violation: pid 36172, tid 36218, syscall 262, args 4294967196 139698380980176 139698351925376 2304 2304 1.
Sandbox: seccomp sandbox violation: pid 36151, tid 36201, syscall 262, args 4294967196 140329879792416 140329873864832 2304 2304 1.
Sandbox: unsupported flags 2048 in fstatat(-100, "/home/akane86/.config/gtk-3.0/colors.css", 0x7FBE8793C880, 2304)
Sandbox: seccomp sandbox violation: pid 36286, tid 36346, syscall 262, args 4294967196 140456297780128 140456295123072 2304 2304 1.
Sandbox: unsupported flags 2048 in fstatat(-100, "/home/akane86/.config/gtk-3.0/colors.css", 0x7FE39883D880, 2304)
Sandbox: seccomp sandbox violation: pid 36252, tid 36284, syscall 262, args 4294967196 140615523519168 140615493081216 2304 2304 1.
Sandbox: unsupported flags 2048 in fstatat(-100, "/home/akane86/.config/gtk-3.0/colors.css", 0x7FA118487880, 2304)
Sandbox: seccomp sandbox violation: pid 36151, tid 36201, syscall 262, args 4294967196 140329879792416 140329873864832 2304 2304 1.
Sandbox: unsupported flags 2048 in fstatat(-100, "/home/akane86/.config/gtk-3.0/colors.css", 0x7F0E0EA46880, 2304)
Sandbox: unsupported flags 2048 in fstatat(-100, "/home/akane86/.config/gtk-3.0/colors.css", 0x7FBE8793C880, 2304)
Sandbox: seccomp sandbox violation: pid 36172, tid 36218, syscall 262, args 4294967196 139698380980176 139698351925376 2304 2304 1.
Sandbox: seccomp sandbox violation: pid 36286, tid 36346, syscall 262, args 4294967196 140456297780128 140456295123072 2304 2304 1.
Sandbox: unsupported flags 2048 in fstatat(-100, "/home/akane86/.config/gtk-3.0/colors.css", 0x7FE39883D880, 2304)
Sandbox: seccomp sandbox violation: pid 36252, tid 36284, syscall 262, args 4294967196 140615523519168 140615493081216 2304 2304 1.
Sandbox: unsupported flags 2048 in fstatat(-100, "/home/akane86/.config/gtk-3.0/colors.css", 0x7FBE8793C880, 2304)
Sandbox: unsupported flags 2048 in fstatat(-100, "/home/akane86/.config/gtk-3.0/colors.css", 0x7FA118487880, 2304)
Sandbox: seccomp sandbox violation: pid 36286, tid 36346, syscall 262, args 4294967196 140456297780128 140456295123072 2304 2304 1.
Sandbox: seccomp sandbox violation: pid 36151, tid 36201, syscall 262, args 4294967196 140329879792416 140329873864832 2304 2304 1.
Sandbox: unsupported flags 2048 in fstatat(-100, "/home/akane86/.config/gtk-3.0/colors.css", 0x7F0E0EA46880, 2304)
Sandbox: seccomp sandbox violation: pid 36172, tid 36218, syscall 262, args 4294967196 139698380980176 139698351925376 2304 2304 1.
Sandbox: unsupported flags 2048 in fstatat(-100, "/home/akane86/.config/gtk-3.0/colors.css", 0x7FE39883D880, 2304)
Sandbox: seccomp sandbox violation: pid 36252, tid 36284, syscall 262, args 4294967196 140615523519168 140615493081216 2304 2304 1.
IPDL protocol error: Handler returned error code!

###!!! [Parent][DispatchAsyncMessage] Error: PLayerTransaction::Msg_ReleaseLayer Processing error: message was deserialized, but the handler returned false (indicating failure)

1613656797222	Marionette	INFO	Stopped listening on port 33129
